C51 COMPILER V9.60.7.0   BUTTON                                                            04/26/2025 20:21:42 PAGE 1   


C51 COMPILER V9.60.7.0, COMPILATION OF MODULE BUTTON
OBJECT MODULE PLACED IN .\Objects\button.obj
COMPILER INVOKED BY: D:\PRO\Keil_v5\C51\BIN\C51.EXE button.c OPTIMIZE(8,SPEED) BROWSE DEBUG OBJECTEXTEND PRINT(.\Listing
                    -s\button.lst) TABS(2) OBJECT(.\Objects\button.obj)

line level    source

   1          #include "button.h"
   2          #include "delay.h"
   3          
   4          unsigned char Button_readStart(void) {
   5   1          if (START_BUTTON_PIN == 0) {
   6   2              delay_ms(20);
   7   2              if (START_BUTTON_PIN == 0) {
   8   3                  while (START_BUTTON_PIN == 0);
   9   3                  return BUTTON_PRESSED;
  10   3              }
  11   2          }
  12   1          return BUTTON_RELEASED;
  13   1      }


MODULE INFORMATION:   STATIC OVERLAYABLE
   CODE SIZE        =     22    ----
   CONSTANT SIZE    =   ----    ----
   XDATA SIZE       =   ----    ----
   PDATA SIZE       =   ----    ----
   DATA SIZE        =   ----    ----
   IDATA SIZE       =   ----    ----
   BIT SIZE         =   ----    ----
END OF MODULE INFORMATION.


C51 COMPILATION COMPLETE.  0 WARNING(S),  0 ERROR(S)
