C51 COMPILER V9.60.7.0   I2C                                                               04/26/2025 20:21:43 PAGE 1   


C51 COMPILER V9.60.7.0, COMPILATION OF MODULE I2C
OBJECT MODULE PLACED IN .\Objects\i2c.obj
COMPILER INVOKED BY: D:\PRO\Keil_v5\C51\BIN\C51.EXE i2c.c OPTIMIZE(8,SPEED) BROWSE DEBUG OBJECTEXTEND PRINT(.\Listings\i
                    -2c.lst) TABS(2) OBJECT(.\Objects\i2c.obj)

line level    source

   1          #include "i2c.h"
   2          #include "delay.h"
   3          
   4          void I2C_init(void) {
   5   1          SDA = 1;
   6   1          SCL = 1;
   7   1      }
   8          
   9          void I2C_Start(void) {
  10   1          SDA = 1; SCL = 1;
  11   1          delay_ms(1);
  12   1          SDA = 0;
  13   1          delay_ms(1);
  14   1          SCL = 0;
  15   1      }
  16          
  17          void I2C_Stop(void) {
  18   1          SCL = 0; SDA = 0;
  19   1          delay_ms(1);
  20   1          SCL = 1;
  21   1          SDA = 1;
  22   1          delay_ms(1);
  23   1      }
  24          
  25          bit I2C_WaitAck(void) {
  26   1          SDA = 1;
  27   1          SCL = 1;
  28   1          delay_ms(1);
  29   1          if (SDA) {
  30   2              SCL = 0;
  31   2              return 0;
  32   2          }
  33   1          SCL = 0;
  34   1          return 1;
  35   1      }
  36          
  37          void I2C_Write(unsigned char dat) {
  38   1          unsigned char i;
  39   1          for (i = 0; i < 8; i++) {
  40   2              SDA = (dat & 0x80);
  41   2              SCL = 1;
  42   2              delay_ms(1);
  43   2              SCL = 0;
  44   2              dat <<= 1;
  45   2          }
  46   1          I2C_WaitAck();
  47   1      }
  48          


MODULE INFORMATION:   STATIC OVERLAYABLE
   CODE SIZE        =    111    ----
   CONSTANT SIZE    =   ----    ----
   XDATA SIZE       =   ----    ----
C51 COMPILER V9.60.7.0   I2C                                                               04/26/2025 20:21:43 PAGE 2   

   PDATA SIZE       =   ----    ----
   DATA SIZE        =   ----       2
   IDATA SIZE       =   ----    ----
   BIT SIZE         =   ----    ----
END OF MODULE INFORMATION.


C51 COMPILATION COMPLETE.  0 WARNING(S),  0 ERROR(S)
