C51 COMPILER V9.60.7.0   KEYPAD                                                            04/26/2025 20:21:42 PAGE 1   


C51 COMPILER V9.60.7.0, COMPILATION OF MODULE KEYPAD
OBJECT MODULE PLACED IN .\Objects\keypad.obj
COMPILER INVOKED BY: D:\PRO\Keil_v5\C51\BIN\C51.EXE keypad.c OPTIMIZE(8,SPEED) BROWSE DEBUG OBJECTEXTEND PRINT(.\Listing
                    -s\keypad.lst) TABS(2) OBJECT(.\Objects\keypad.obj)

line level    source

   1          #include "keypad.h"
   2          
   3          /* Function to get the pressed key */
   4          unsigned char Keypad_getKey(void) {
   5   1          while (1) {
   6   2              // Set all columns high
   7   2              KEYPAD_COL1 = 1;
   8   2              KEYPAD_COL2 = 1;
   9   2              KEYPAD_COL3 = 1;
  10   2      
  11   2              delay_ms(50);
  12   2      
  13   2              // Activate each row and scan columns
  14   2              KEYPAD_ROW1 = 0; KEYPAD_ROW2 = 1; KEYPAD_ROW3 = 1; KEYPAD_ROW4 = 1;
  15   2              if (KEYPAD_COL1 == 0) { delay_ms(50); while (KEYPAD_COL1 == 0); return '1'; }
  16   2              if (KEYPAD_COL2 == 0) { delay_ms(50); while (KEYPAD_COL2 == 0); return '2'; }
  17   2              if (KEYPAD_COL3 == 0) { delay_ms(50); while (KEYPAD_COL3 == 0); return '3'; }
  18   2      
  19   2              KEYPAD_ROW1 = 1; KEYPAD_ROW2 = 0; KEYPAD_ROW3 = 1; KEYPAD_ROW4 = 1;
  20   2              if (KEYPAD_COL1 == 0) { delay_ms(50); while (KEYPAD_COL1 == 0); return '4'; }
  21   2              if (KEYPAD_COL2 == 0) { delay_ms(50); while (KEYPAD_COL2 == 0); return '5'; }
  22   2              if (KEYPAD_COL3 == 0) { delay_ms(50); while (KEYPAD_COL3 == 0); return '6'; }
  23   2      
  24   2              KEYPAD_ROW1 = 1; KEYPAD_ROW2 = 1; KEYPAD_ROW3 = 0; KEYPAD_ROW4 = 1;
  25   2              if (KEYPAD_COL1 == 0) { delay_ms(50); while (KEYPAD_COL1 == 0); return '7'; }
  26   2              if (KEYPAD_COL2 == 0) { delay_ms(50); while (KEYPAD_COL2 == 0); return '8'; }
  27   2              if (KEYPAD_COL3 == 0) { delay_ms(50); while (KEYPAD_COL3 == 0); return '9'; }
  28   2      
  29   2              KEYPAD_ROW1 = 1; KEYPAD_ROW2 = 1; KEYPAD_ROW3 = 1; KEYPAD_ROW4 = 0;
  30   2              if (KEYPAD_COL1 == 0) { delay_ms(50); while (KEYPAD_COL1 == 0); return '*'; }
  31   2              if (KEYPAD_COL2 == 0) { delay_ms(50); while (KEYPAD_COL2 == 0); return '0'; }
  32   2              if (KEYPAD_COL3 == 0) { delay_ms(50); while (KEYPAD_COL3 == 0); return '#'; }
  33   2          }
  34   1      }


MODULE INFORMATION:   STATIC OVERLAYABLE
   CODE SIZE        =    240    ----
   CONSTANT SIZE    =   ----    ----
   XDATA SIZE       =   ----    ----
   PDATA SIZE       =   ----    ----
   DATA SIZE        =   ----    ----
   IDATA SIZE       =   ----    ----
   BIT SIZE         =   ----    ----
END OF MODULE INFORMATION.


C51 COMPILATION COMPLETE.  0 WARNING(S),  0 ERROR(S)
