C51 COMPILER V9.60.7.0   LCD                                                               04/26/2025 20:21:42 PAGE 1   


C51 COMPILER V9.60.7.0, COMPILATION OF MODULE LCD
OBJECT MODULE PLACED IN .\Objects\lcd.obj
COMPILER INVOKED BY: D:\PRO\Keil_v5\C51\BIN\C51.EXE lcd.c OPTIMIZE(8,SPEED) BROWSE DEBUG OBJECTEXTEND PRINT(.\Listings\l
                    -cd.lst) TABS(2) OBJECT(.\Objects\lcd.obj)

line level    source

   1          #include <reg51.h>
   2          #include "delay.h"
   3          #include "lcd.h"
   4          
   5          void LCD_init(void) {
   6   1          LCD_RS = 0;
   7   1          LCD_E = 0;
   8   1          LCD_RW = 0;
   9   1          delay_ms(20);
  10   1          LCD_DATA_PORT = 0x00;
  11   1      
  12   1          LCD_sendCommand(LCD_TWO_LINES_EIGHT_BITS_MODE);
  13   1          LCD_sendCommand(LCD_CURSOR_OFF);
  14   1          LCD_sendCommand(LCD_CLEAR_COMMAND);
  15   1      }
  16          
  17          void LCD_sendCommand(unsigned char command) {
  18   1          LCD_RS = 0;     // Command mode
  19   1          LCD_RW = 0;     // Write mode
  20   1          delay_ms(1);
  21   1          LCD_E = 1;
  22   1          delay_ms(1);
  23   1          LCD_DATA_PORT = command;
  24   1          delay_ms(1);
  25   1          LCD_E = 0;
  26   1          delay_ms(1);
  27   1      }
  28          
  29          void LCD_writeChar(unsigned char character) {
  30   1          LCD_RS = 1;     // Data mode
  31   1          LCD_RW = 0;     // Write mode
  32   1          delay_ms(1);
  33   1          LCD_E = 1;
  34   1          delay_ms(1);
  35   1          LCD_DATA_PORT = character;
  36   1          delay_ms(1);
  37   1          LCD_E = 0;
  38   1          delay_ms(1);
  39   1      }
  40          
  41          void LCD_writeText(const char *text) {
  42   1          while (*text) {
  43   2              LCD_writeChar(*text++);
  44   2          }
  45   1      }
  46          
  47          void LCD_clear(void) {
  48   1          LCD_sendCommand(LCD_CLEAR_COMMAND);
  49   1      }
  50          
  51          void LCD_setCursor(unsigned char row, unsigned char col) {
  52   1          unsigned char memory_address;
  53   1      
  54   1          switch (row) {
C51 COMPILER V9.60.7.0   LCD                                                               04/26/2025 20:21:42 PAGE 2   

  55   2              case 0: memory_address = col; break;
  56   2              case 1: memory_address = col + 0x40; break;
  57   2              case 2: memory_address = col + 0x10; break;
  58   2              case 3: memory_address = col + 0x50; break;
  59   2              default: memory_address = col; break;
  60   2          }
  61   1          LCD_sendCommand(memory_address | LCD_SET_CURSOR_LOCATION);
  62   1      }


MODULE INFORMATION:   STATIC OVERLAYABLE
   CODE SIZE        =    204    ----
   CONSTANT SIZE    =   ----    ----
   XDATA SIZE       =   ----    ----
   PDATA SIZE       =   ----    ----
   DATA SIZE        =   ----       6
   IDATA SIZE       =   ----    ----
   BIT SIZE         =   ----    ----
END OF MODULE INFORMATION.


C51 COMPILATION COMPLETE.  0 WARNING(S),  0 ERROR(S)
