C51 COMPILER V9.60.7.0   PASSWORD                                                          04/26/2025 20:21:43 PAGE 1   


C51 COMPILER V9.60.7.0, COMPILATION OF MODULE PASSWORD
OBJECT MODULE PLACED IN .\Objects\password.obj
COMPILER INVOKED BY: D:\PRO\Keil_v5\C51\BIN\C51.EXE password.c OPTIMIZE(8,SPEED) BROWSE DEBUG OBJECTEXTEND PRINT(.\Listi
                    -ngs\password.lst) TABS(2) OBJECT(.\Objects\password.obj)

line level    source

   1          #include "password.h"
   2          #include "lcd.h"
   3          #include "leds.h"
   4          #include "delay.h"
   5          
   6          // Define real memory for globals
   7          unsigned char saved_pass[5] = {'1', '2', '3', '4', '\0'};
   8          unsigned char entered_pass[5];
   9          unsigned char uart_buffer[5];
  10          unsigned char num_ofCorrect_Password = 3;
  11          
  12          void Password_successAction(void) {
  13   1          LCD_clear();
  14   1          LCD_writeText("Open");
  15   1          delay_ms(1000);
  16   1      
  17   1          LCD_clear();
  18   1          LCD_writeText("Close");
  19   1          delay_ms(500);
  20   1      
  21   1          LED_setGreen(LED_OFF);
  22   1          LCD_clear();
  23   1      }


MODULE INFORMATION:   STATIC OVERLAYABLE
   CODE SIZE        =     46    ----
   CONSTANT SIZE    =     11    ----
   XDATA SIZE       =   ----    ----
   PDATA SIZE       =   ----    ----
   DATA SIZE        =     16    ----
   IDATA SIZE       =   ----    ----
   BIT SIZE         =   ----    ----
END OF MODULE INFORMATION.


C51 COMPILATION COMPLETE.  0 WARNING(S),  0 ERROR(S)
