C51 COMPILER V9.60.7.0   BUTTON                                                            04/26/2025 20:19:42 PAGE 1   


C51 COMPILER V9.60.7.0, COMPILATION OF MODULE BUTTON
OBJECT MODULE PLACED IN .\Objects\button.obj
COMPILER INVOKED BY: D:\PRO\Keil_v5\C51\BIN\C51.EXE button.c OPTIMIZE(8,SPEED) BROWSE DEBUG OBJECTEXTEND PRINT(.\Listing
                    -s\button.lst) TABS(2) OBJECT(.\Objects\button.obj)

line level    source

   1          #include "button.h"
   2          #include "delay.h"
   3          
   4          unsigned char Button_isACPressed(void) {
   5   1          if (AC_button == BUTTON_PRESSED) {
   6   2              delay_ms(20);  // debounce delay
   7   2              if (AC_button == BUTTON_PRESSED) {
   8   3                  while (AC_button == BUTTON_PRESSED); // wait for release
   9   3                  return BUTTON_PRESSED;
  10   3              }
  11   2          }
  12   1          return BUTTON_RELEASED;
  13   1      }
  14          
  15          unsigned char Button_isLightPressed(void) {
  16   1          if (Light_button == BUTTON_PRESSED) {
  17   2              delay_ms(20);  // debounce delay
  18   2              if (Light_button == BUTTON_PRESSED) {
  19   3                  while (Light_button == BUTTON_PRESSED); // wait for release
  20   3                  return BUTTON_PRESSED;
  21   3              }
  22   2          }
  23   1          return BUTTON_RELEASED;
  24   1      }


MODULE INFORMATION:   STATIC OVERLAYABLE
   CODE SIZE        =     44    ----
   CONSTANT SIZE    =   ----    ----
   XDATA SIZE       =   ----    ----
   PDATA SIZE       =   ----    ----
   DATA SIZE        =   ----    ----
   IDATA SIZE       =   ----    ----
   BIT SIZE         =   ----    ----
END OF MODULE INFORMATION.


C51 COMPILATION COMPLETE.  0 WARNING(S),  0 ERROR(S)
