C51 COMPILER V9.60.7.0   I2C_SLAVE                                                         04/26/2025 20:19:42 PAGE 1   


C51 COMPILER V9.60.7.0, COMPILATION OF MODULE I2C_SLAVE
OBJECT MODULE PLACED IN .\Objects\i2c_slave.obj
COMPILER INVOKED BY: D:\PRO\Keil_v5\C51\BIN\C51.EXE i2c_slave.c OPTIMIZE(8,SPEED) BROWSE DEBUG OBJECTEXTEND PRINT(.\List
                    -ings\i2c_slave.lst) TABS(2) OBJECT(.\Objects\i2c_slave.obj)

line level    source

   1          #include <reg51.h>
   2          #include "i2c_slave.h"
   3          
   4          sbit SDA = P0^6;
   5          sbit SCL = P0^7;
   6          
   7          extern bit smart_mode;
   8          void LCD_showSmartFeatures(void);
   9          
  10          void I2C_Slave_Init(void) {
  11   1          SDA = 1;
  12   1          SCL = 1;
  13   1      }
  14          
  15          void I2C_Slave_Check(void) {
  16   1          if (!SCL && !SDA) {
  17   2              smart_mode = 1;
  18   2              LCD_showSmartFeatures();
  19   2          }
  20   1      }


MODULE INFORMATION:   STATIC OVERLAYABLE
   CODE SIZE        =     17    ----
   CONSTANT SIZE    =   ----    ----
   XDATA SIZE       =   ----    ----
   PDATA SIZE       =   ----    ----
   DATA SIZE        =   ----    ----
   IDATA SIZE       =   ----    ----
   BIT SIZE         =   ----    ----
END OF MODULE INFORMATION.


C51 COMPILATION COMPLETE.  0 WARNING(S),  0 ERROR(S)
