C51 COMPILER V9.60.7.0   LEDS                                                              04/26/2025 20:19:42 PAGE 1   


C51 COMPILER V9.60.7.0, COMPILATION OF MODULE LEDS
OBJECT MODULE PLACED IN .\Objects\leds.obj
COMPILER INVOKED BY: D:\PRO\Keil_v5\C51\BIN\C51.EXE leds.c OPTIMIZE(8,SPEED) BROWSE DEBUG OBJECTEXTEND PRINT(.\Listings\
                    -leds.lst) TABS(2) OBJECT(.\Objects\leds.obj)

line level    source

   1          #include "leds.h"
   2          
   3          void LED_setWhite(unsigned char status) {
   4   1          LED_WHITE = status;
   5   1      }
   6          
   7          void LED_setBlue(unsigned char status) {
   8   1          LED_BLUE = status;
   9   1      }
  10          
  11          void LED_setYellow(unsigned char status) {
  12   1          LED_YELLOW = status;
  13   1      }
  14          
  15          void LED_setOrange(unsigned char status) {
  16   1          LED_ORANGE = status;
  17   1      }


MODULE INFORMATION:   STATIC OVERLAYABLE
   CODE SIZE        =     24    ----
   CONSTANT SIZE    =   ----    ----
   XDATA SIZE       =   ----    ----
   PDATA SIZE       =   ----    ----
   DATA SIZE        =   ----    ----
   IDATA SIZE       =   ----    ----
   BIT SIZE         =   ----    ----
END OF MODULE INFORMATION.


C51 COMPILATION COMPLETE.  0 WARNING(S),  0 ERROR(S)
