C51 COMPILER V9.60.7.0   MAIN                                                              04/26/2025 20:19:41 PAGE 1   


C51 COMPILER V9.60.7.0, COMPILATION OF MODULE MAIN
OBJECT MODULE PLACED IN .\Objects\main.obj
COMPILER INVOKED BY: D:\PRO\Keil_v5\C51\BIN\C51.EXE main.c OPTIMIZE(8,SPEED) BROWSE DEBUG OBJECTEXTEND PRINT(.\Listings\
                    -main.lst) TABS(2) OBJECT(.\Objects\main.obj)

line level    source

   1          #include <reg51.h>
   2          #include "lcd.h"
   3          #include "delay.h"
   4          #include "button.h"
   5          #include "leds.h"
   6          #include "i2c_slave.h"
   7          
   8          // Global variables
   9          unsigned char AC_button_count = 0;
  10          unsigned char Light_button_count = 0;
  11          bit smart_mode = 0;
  12          
  13          // Function prototypes
  14          void LCD_showSmartFeatures(void);
  15          void LCD_showHomeScreen(void);
  16          
  17          void main(void) {
  18   1          LCD_init();
  19   1          I2C_Slave_Init();
  20   1      
  21   1          LED_setWhite(LED_OFF);
  22   1          LED_setBlue(LED_OFF);
  23   1          LED_setYellow(LED_OFF);
  24   1          LED_setOrange(LED_OFF);
  25   1      
  26   1          LCD_showHomeScreen();
  27   1      
  28   1          while (1) {
  29   2              I2C_Slave_Check();  // Check for I2C 'S'
  30   2      
  31   2              if (smart_mode) {
  32   3                  // AC Button Handling
  33   3                  if (Button_isACPressed() == BUTTON_PRESSED) {
  34   4                      AC_button_count++;
  35   4                      if (AC_button_count == 1) {
  36   5                          LCD_moveCursor(0, 10);
  37   5                          LCD_displayString("ON ");
  38   5                      } else if (AC_button_count == 2) {
  39   5                          AC_button_count = 0;
  40   5                          LCD_moveCursor(0, 10);
  41   5                          LCD_displayString("OFF");
  42   5                      }
  43   4                  }
  44   3      
  45   3                  // Light Button Handling
  46   3                  if (Button_isLightPressed() == BUTTON_PRESSED) {
  47   4                      Light_button_count++;
  48   4                      if (Light_button_count == 1) {
  49   5                          LCD_moveCursor(1, 14);
  50   5                          LCD_displayString("M1"); 
  51   5                          LED_setOrange(LED_ON);
  52   5                          LED_setYellow(LED_OFF);
  53   5                          LED_setBlue(LED_OFF);                 
  54   5                          LED_setWhite(LED_OFF); 
C51 COMPILER V9.60.7.0   MAIN                                                              04/26/2025 20:19:41 PAGE 2   

  55   5                      } else if (Light_button_count == 2) {
  56   5                          LCD_moveCursor(1, 14);
  57   5                          LCD_displayString("M2");
  58   5                          LED_setOrange(LED_ON);
  59   5                          LED_setYellow(LED_ON);
  60   5                          LED_setBlue(LED_OFF);                 
  61   5                          LED_setWhite(LED_OFF); 
  62   5                      } else if (Light_button_count == 3) {
  63   5                          LCD_moveCursor(1, 14);
  64   5                          LCD_displayString("M3");
  65   5                          LED_setOrange(LED_ON);
  66   5                          LED_setYellow(LED_ON);
  67   5                          LED_setBlue(LED_ON);                  
  68   5                          LED_setWhite(LED_OFF); 
  69   5                      } else if (Light_button_count == 4) {
  70   5                          LCD_moveCursor(1, 14);
  71   5                          LCD_displayString("M4");
  72   5                          LED_setOrange(LED_ON);
  73   5                          LED_setYellow(LED_ON);
  74   5                          LED_setBlue(LED_ON);                  
  75   5                          LED_setWhite(LED_ON); 
  76   5                      } else if (Light_button_count == 5) {
  77   5                          Light_button_count = 0;
  78   5                          LCD_moveCursor(1, 13);
  79   5                          LCD_displayString("OFF");
  80   5                          LED_setOrange(LED_OFF);
  81   5                          LED_setYellow(LED_OFF);
  82   5                          LED_setBlue(LED_OFF);                 
  83   5                          LED_setWhite(LED_OFF); 
  84   5                      }
  85   4                  }
  86   3              }
  87   2          }
  88   1      }
  89          
  90          void LCD_showSmartFeatures(void) {
  91   1          LCD_clearScreen();
  92   1          LCD_moveCursor(0, 0);
  93   1          LCD_displayString("AC Status:   ");
  94   1          LCD_moveCursor(1, 0);
  95   1          LCD_displayString("Light Status:");
  96   1      }
  97          
  98          void LCD_showHomeScreen(void) {
  99   1          LCD_clearScreen();
 100   1          LCD_displayString("   Smart Home   ");
 101   1          LCD_moveCursor(1, 0);
 102   1          LCD_displayString(" We Always Here ");
 103   1      }


MODULE INFORMATION:   STATIC OVERLAYABLE
   CODE SIZE        =    359    ----
   CONSTANT SIZE    =     82    ----
   XDATA SIZE       =   ----    ----
   PDATA SIZE       =   ----    ----
   DATA SIZE        =      2    ----
   IDATA SIZE       =   ----    ----
   BIT SIZE         =      1    ----
END OF MODULE INFORMATION.


C51 COMPILATION COMPLETE.  0 WARNING(S),  0 ERROR(S)
