C51 COMPILER V9.60.7.0   UART                                                              04/13/2025 00:33:52 PAGE 1   


C51 COMPILER V9.60.7.0, COMPILATION OF MODULE UART
OBJECT MODULE PLACED IN .\Objects\UART.obj
COMPILER INVOKED BY: D:\College\APPS_COLLEGE\KEIL\C51\BIN\C51.EXE UART.c OPTIMIZE(8,SPEED) BROWSE DEBUG OBJECTEXTEND PRI
                    -NT(.\Listings\UART.lst) TABS(2) OBJECT(.\Objects\UART.obj)

line level    source

   1          #include <reg51.h>
   2          #include "UART.h"
   3          #include "button.h"
   4          #include "lcd.h"
   5          #include "delay.h"
   6          
   7          #define ON  1
   8          #define OFF 0
   9          
  10          extern bit smart_mode;
  11          void Lcd_SmartFeatures(void);
  12          void Lcd_HomeScreen(void);
  13          
  14          void uart_Init(void) {
  15   1          SCON = 0x50;  // Mode 1
  16   1          TMOD |= 0x20; // Timer 1 Mode 2
  17   1          TH1 = 0xFD;   // 9600 baud
  18   1          TR1 = 1;
  19   1      }
  20          
  21          char uart_Receivebyte(void) {
  22   1          while (!RI);
  23   1          RI = 0;
  24   1          return SBUF;
  25   1      }
  26          
  27          void uart_Sendbyte(char value) {
  28   1          SBUF = value;
  29   1          while (!TI);
  30   1          TI = 0;
  31   1      }
  32          
  33          void UART_HandleCommand(void) {
  34   1          char cmd;
  35   1          if (!RI) return;
  36   1      
  37   1          cmd = uart_Receivebyte();
  38   1      
  39   1          if (cmd == 'S') {
  40   2              smart_mode = 1;
  41   2              Lcd_SmartFeatures();
  42   2          }
  43   1          else if (cmd == 'A') {
  44   2              static bit ac_on = 0;
  45   2              ac_on = !ac_on;
  46   2              AC_button_status(ac_on ? ON : OFF);
  47   2          }
  48   1          else if (cmd == 'L') {
  49   2              static bit light_on = 0;
  50   2              light_on = !light_on;
  51   2              Light_button_status(light_on ? ON : OFF);
  52   2          }
  53   1          else if (cmd == 'R') {
  54   2              smart_mode = 0;
C51 COMPILER V9.60.7.0   UART                                                              04/13/2025 00:33:52 PAGE 2   

  55   2              AC_button_status(OFF);
  56   2              Light_button_status(OFF);
  57   2              Lcd_HomeScreen();
  58   2          }
  59   1      }


MODULE INFORMATION:   STATIC OVERLAYABLE
   CODE SIZE        =    105    ----
   CONSTANT SIZE    =   ----    ----
   XDATA SIZE       =   ----    ----
   PDATA SIZE       =   ----    ----
   DATA SIZE        =   ----       1
   IDATA SIZE       =   ----    ----
   BIT SIZE         =      2    ----
END OF MODULE INFORMATION.


C51 COMPILATION COMPLETE.  0 WARNING(S),  0 ERROR(S)
